<?xml version="1.0" encoding="UTF-8"?>
<!-- Generated by org.testng.reporters.JUnitReportReporter -->
<testsuite hostname="dac-37" failures="0" tests="1" name="com.cdac.SeleTest" time="9.517" errors="0" timestamp="2024-12-22T12:41:45 IST" skipped="0">
  <testcase classname="com.cdac.SeleTest" name="test" time="9.517"/>
  <system-out/>
</testsuite> <!-- com.cdac.SeleTest -->
